TN:
SF:src/scripts/gameboard/gameboard.js
FN:4,(anonymous_0)
FN:10,(anonymous_1)
FN:37,(anonymous_2)
FN:47,(anonymous_3)
FN:63,(anonymous_4)
FN:89,(anonymous_5)
FN:95,(anonymous_6)
FN:100,(anonymous_7)
FN:117,(anonymous_8)
FN:118,(anonymous_9)
FNF:10
FNH:10
FNDA:21,(anonymous_0)
FNDA:1,(anonymous_1)
FNDA:4,(anonymous_2)
FNDA:18,(anonymous_3)
FNDA:4,(anonymous_4)
FNDA:20,(anonymous_5)
FNDA:61,(anonymous_6)
FNDA:5,(anonymous_7)
FNDA:2,(anonymous_8)
FNDA:6,(anonymous_9)
DA:5,21
DA:6,21
DA:7,21
DA:11,1
DA:12,1
DA:14,4
DA:16,4
DA:19,4
DA:21,4
DA:23,0
DA:24,0
DA:29,4
DA:31,1
DA:32,4
DA:36,4
DA:37,4
DA:38,4
DA:39,0
DA:43,1
DA:44,1
DA:49,18
DA:51,18
DA:53,180
DA:55,180
DA:56,1800
DA:59,180
DA:71,4
DA:73,4
DA:75,5
DA:77,14
DA:80,3
DA:86,1
DA:91,20
DA:93,20
DA:95,20
DA:96,61
DA:102,5
DA:104,2
DA:106,2
DA:108,2
DA:111,3
DA:113,3
DA:118,6
LF:43
LH:40
BRDA:21,0,0,0
BRDA:21,0,1,4
BRDA:21,1,0,4
BRDA:21,1,1,1
BRDA:21,1,2,0
BRDA:29,2,0,1
BRDA:29,2,1,3
BRDA:29,3,0,4
BRDA:29,3,1,3
BRDA:29,3,2,1
BRDA:38,4,0,0
BRDA:38,4,1,4
BRDA:77,5,0,3
BRDA:77,5,1,11
BRDA:77,6,0,14
BRDA:77,6,1,8
BRDA:102,7,0,2
BRDA:102,7,1,3
BRF:18
BRH:15
end_of_record
TN:
SF:src/scripts/player/player.js
FN:4,(anonymous_0)
FN:10,(anonymous_1)
FN:28,(anonymous_2)
FN:36,(anonymous_3)
FNF:4
FNH:3
FNDA:6,(anonymous_0)
FNDA:1,(anonymous_1)
FNDA:0,(anonymous_2)
FNDA:1,(anonymous_3)
DA:5,6
DA:6,6
DA:11,1
DA:14,1
DA:16,1
DA:18,1
DA:20,1
DA:22,1
DA:25,1
DA:30,0
DA:32,0
DA:38,1
LF:12
LH:10
BRDA:20,0,0,1
BRDA:20,0,1,0
BRDA:20,1,0,1
BRDA:20,1,1,1
BRF:4
BRH:3
end_of_record
TN:
SF:src/scripts/ship/ship.js
FN:2,(anonymous_0)
FN:8,(anonymous_1)
FN:12,(anonymous_2)
FNF:3
FNH:3
FNDA:22,(anonymous_0)
FNDA:1,(anonymous_1)
FNDA:8,(anonymous_2)
DA:3,22
DA:4,22
DA:5,22
DA:9,1
DA:13,8
DA:14,6
DA:16,2
LF:7
LH:7
BRDA:13,0,0,6
BRDA:13,0,1,2
BRF:2
BRH:2
end_of_record
