TN:
SF:src/scripts/gameboard/gameboard.js
FN:4,(anonymous_0)
FN:10,(anonymous_1)
FN:26,(anonymous_2)
FN:52,(anonymous_3)
FN:58,(anonymous_4)
FN:63,(anonymous_5)
FN:80,(anonymous_6)
FN:81,(anonymous_7)
FNF:8
FNH:8
FNDA:20,(anonymous_0)
FNDA:17,(anonymous_1)
FNDA:4,(anonymous_2)
FNDA:20,(anonymous_3)
FNDA:61,(anonymous_4)
FNDA:5,(anonymous_5)
FNDA:2,(anonymous_6)
FNDA:6,(anonymous_7)
DA:5,20
DA:6,20
DA:7,20
DA:12,17
DA:14,17
DA:16,170
DA:18,170
DA:19,1700
DA:22,170
DA:34,4
DA:36,4
DA:38,5
DA:40,14
DA:43,3
DA:49,1
DA:54,20
DA:56,20
DA:58,20
DA:59,61
DA:65,5
DA:67,2
DA:69,2
DA:71,2
DA:74,3
DA:76,3
DA:81,6
LF:26
LH:26
BRDA:40,0,0,3
BRDA:40,0,1,11
BRDA:40,1,0,14
BRDA:40,1,1,8
BRDA:65,2,0,2
BRDA:65,2,1,3
BRF:6
BRH:6
end_of_record
TN:
SF:src/scripts/player/player.js
FN:4,(anonymous_0)
FN:9,(anonymous_1)
FN:27,(anonymous_2)
FN:34,(anonymous_3)
FNF:4
FNH:3
FNDA:6,(anonymous_0)
FNDA:1,(anonymous_1)
FNDA:0,(anonymous_2)
FNDA:1,(anonymous_3)
DA:5,6
DA:6,6
DA:10,1
DA:13,1
DA:15,1
DA:17,1
DA:19,1
DA:21,1
DA:24,1
DA:29,0
DA:31,0
DA:36,1
LF:12
LH:10
BRDA:19,0,0,1
BRDA:19,0,1,0
BRDA:19,1,0,1
BRDA:19,1,1,1
BRF:4
BRH:3
end_of_record
TN:
SF:src/scripts/ship/ship.js
FN:2,(anonymous_0)
FN:8,(anonymous_1)
FN:12,(anonymous_2)
FNF:3
FNH:3
FNDA:22,(anonymous_0)
FNDA:1,(anonymous_1)
FNDA:8,(anonymous_2)
DA:3,22
DA:4,22
DA:5,22
DA:9,1
DA:13,8
DA:14,6
DA:16,2
LF:7
LH:7
BRDA:13,0,0,6
BRDA:13,0,1,2
BRF:2
BRH:2
end_of_record
